  Hash.c
d:\c\work\work8_27哈希表\work8_27哈希表\hash.c(19): warning C4018: “<”: 有符号/无符号不匹配
d:\c\work\work8_27哈希表\work8_27哈希表\hash.c(32): warning C4018: “<”: 有符号/无符号不匹配
d:\c\work\work8_27哈希表\work8_27哈希表\hash.c(44): warning C4018: “<”: 有符号/无符号不匹配
d:\c\work\work8_27哈希表\work8_27哈希表\hash.c(60): warning C4018: “<”: 有符号/无符号不匹配
d:\c\work\work8_27哈希表\work8_27哈希表\hash.c(114): warning C4018: “<”: 有符号/无符号不匹配
d:\c\work\work8_27哈希表\work8_27哈希表\hash.c(130): warning C4018: “<”: 有符号/无符号不匹配
d:\c\work\work8_27哈希表\work8_27哈希表\hash.c(129): warning C4101: “node”: 未引用的局部变量
d:\c\work\work8_27哈希表\work8_27哈希表\hash.c(169): warning C4018: “<”: 有符号/无符号不匹配
d:\c\work\work8_27哈希表\work8_27哈希表\hash.c(177): warning C4018: “<”: 有符号/无符号不匹配
d:\c\work\work8_27哈希表\work8_27哈希表\hash.c(204): warning C4018: “<”: 有符号/无符号不匹配
d:\c\work\work8_27哈希表\work8_27哈希表\hash.c(212): warning C4133: “=”: 从“HashNode *”到“HTBashNode *”的类型不兼容
d:\c\work\work8_27哈希表\work8_27哈希表\hash.c(231): warning C4133: “=”: 从“HashNode *”到“HTBashNode *”的类型不兼容
d:\c\work\work8_27哈希表\work8_27哈希表\hash.c(234): warning C4133: “=”: 从“HTBashNode *”到“HashNode *”的类型不兼容
d:\c\work\work8_27哈希表\work8_27哈希表\hash.c(243): warning C4018: “<”: 有符号/无符号不匹配
d:\c\work\work8_27哈希表\work8_27哈希表\hash.c(253): warning C4133: “=”: 从“HashNode *”到“HTBashNode *”的类型不兼容
d:\c\work\work8_27哈希表\work8_27哈希表\hash.c(275): warning C4133: “=”: 从“HashNode *”到“HTBashNode *”的类型不兼容
d:\c\work\work8_27哈希表\work8_27哈希表\hash.c(296): warning C4133: “=”: 从“HashNode *”到“HTBashNode *”的类型不兼容
d:\c\work\work8_27哈希表\work8_27哈希表\hash.c(309): warning C4133: “return”: 从“HTBashNode *”到“HashNode *”的类型不兼容
d:\c\work\work8_27哈希表\work8_27哈希表\hash.c(311): warning C4133: “=”: 从“HashNode *”到“HTBashNode *”的类型不兼容
d:\c\work\work8_27哈希表\work8_27哈希表\hash.c(149): warning C4716: “HashTableDestory”: 必须返回一个值
d:\c\work\work8_27哈希表\work8_27哈希表\hash.c(142): warning C4715: “HashTableRemove”: 不是所有的控件路径都返回值
d:\c\work\work8_27哈希表\work8_27哈希表\hash.c(161): warning C4716: “BuyHTBNode”: 必须返回一个值
  work8_27哈希表.vcxproj -> D:\c\work\work8_27哈希表\Debug\work8_27哈希表.exe
